# JRE version: Java(TM) SE Runtime Environment (15.0.1+9) (build 15.0.1+9-18)
# Java VM: Java HotSpot(TM) 64-Bit Server VM (15.0.1+9-18, mixed mode, sharing, tiered, compressed oops, g1 gc, windows-amd64)
GC Precious Log:
 CPUs: 4 total, 4 available
 Memory: 8089M
 Large Page Support: Disabled
 NUMA Support: Disabled
 Compressed Oops: Enabled (32-bit)
 Heap Region Size: 1M
 Heap Min Capacity: 8M
 Heap Initial Capacity: 128M
 Heap Max Capacity: 1536M
 Pre-touch: Disabled
 Parallel Workers: 4
 Concurrent Workers: 1
 Concurrent Refinement Workers: 4
 Periodic GC: Disabled
Heap:
 garbage-first heap   total 244736K, used 136852K [0x00000000a0000000, 0x0000000100000000)
  region size 1024K, 23 young (23552K), 5 survivors (5120K)
 Metaspace       used 106936K, capacity 108429K, committed 108572K, reserved 1142784K
  class space    used 14288K, capacity 14720K, committed 14720K, reserved 1048576K
GC Heap History (20 events):
Event: 19.968 GC heap before
{Heap before GC invocations=28 (full 0):
 garbage-first heap   total 183296K, used 144984K [0x00000000a0000000, 0x0000000100000000)
  region size 1024K, 71 young (72704K), 7 survivors (7168K)
 Metaspace       used 78348K, capacity 79567K, committed 79900K, reserved 1118208K
  class space    used 10466K, capacity 10800K, committed 10880K, reserved 1048576K
}
Event: 19.992 GC heap after
{Heap after GC invocations=29 (full 0):
 garbage-first heap   total 183296K, used 89022K [0x00000000a0000000, 0x0000000100000000)
  region size 1024K, 9 young (9216K), 9 survivors (9216K)
 Metaspace       used 78348K, capacity 79567K, committed 79900K, reserved 1118208K
  class space    used 10466K, capacity 10800K, committed 10880K, reserved 1048576K
}
Event: 20.921 GC heap before
{Heap before GC invocations=29 (full 0):
 garbage-first heap   total 183296K, used 145342K [0x00000000a0000000, 0x0000000100000000)
  region size 1024K, 65 young (66560K), 9 survivors (9216K)
 Metaspace       used 78687K, capacity 79890K, committed 80156K, reserved 1118208K
  class space    used 10467K, capacity 10801K, committed 10880K, reserved 1048576K
}
Event: 20.940 GC heap after
{Heap after GC invocations=30 (full 0):
 garbage-first heap   total 183296K, used 92633K [0x00000000a0000000, 0x0000000100000000)
  region size 1024K, 4 young (4096K), 4 survivors (4096K)
 Metaspace       used 78687K, capacity 79890K, committed 80156K, reserved 1118208K
  class space    used 10467K, capacity 10801K, committed 10880K, reserved 1048576K
}
Event: 22.336 GC heap before
{Heap before GC invocations=30 (full 0):
 garbage-first heap   total 183296K, used 147929K [0x00000000a0000000, 0x0000000100000000)
  region size 1024K, 59 young (60416K), 4 survivors (4096K)
 Metaspace       used 79724K, capacity 80919K, committed 81052K, reserved 1120256K
  class space    used 10599K, capacity 10968K, committed 11008K, reserved 1048576K
}
Event: 22.351 GC heap after
{Heap after GC invocations=31 (full 0):
 garbage-first heap   total 183296K, used 95839K [0x00000000a0000000, 0x0000000100000000)
  region size 1024K, 7 young (7168K), 7 survivors (7168K)
 Metaspace       used 79724K, capacity 80919K, committed 81052K, reserved 1120256K
  class space    used 10599K, capacity 10968K, committed 11008K, reserved 1048576K
}
Event: 23.718 GC heap before
{Heap before GC invocations=32 (full 0):
 garbage-first heap   total 183296K, used 149087K [0x00000000a0000000, 0x0000000100000000)
  region size 1024K, 60 young (61440K), 7 survivors (7168K)
 Metaspace       used 79900K, capacity 81107K, committed 81308K, reserved 1120256K
  class space    used 10614K, capacity 10978K, committed 11008K, reserved 1048576K
}
Event: 23.740 GC heap after
{Heap after GC invocations=33 (full 0):
 garbage-first heap   total 183296K, used 99655K [0x00000000a0000000, 0x0000000100000000)
  region size 1024K, 8 young (8192K), 8 survivors (8192K)
 Metaspace       used 79900K, capacity 81107K, committed 81308K, reserved 1120256K
  class space    used 10614K, capacity 10978K, committed 11008K, reserved 1048576K
}
Event: 24.452 GC heap before
{Heap before GC invocations=33 (full 0):
 garbage-first heap   total 183296K, used 150855K [0x00000000a0000000, 0x0000000100000000)
  region size 1024K, 59 young (60416K), 8 survivors (8192K)
 Metaspace       used 80824K, capacity 82088K, committed 82204K, reserved 1120256K
  class space    used 10748K, capacity 11110K, committed 11136K, reserved 1048576K
}
Event: 24.468 GC heap after
{Heap after GC invocations=34 (full 0):
 garbage-first heap   total 220160K, used 102889K [0x00000000a0000000, 0x0000000100000000)
  region size 1024K, 7 young (7168K), 7 survivors (7168K)
 Metaspace       used 80824K, capacity 82088K, committed 82204K, reserved 1120256K
  class space    used 10748K, capacity 11110K, committed 11136K, reserved 1048576K
}
Event: 26.508 GC heap before
{Heap before GC invocations=35 (full 0):
 garbage-first heap   total 220160K, used 179689K [0x00000000a0000000, 0x0000000100000000)
  region size 1024K, 83 young (84992K), 7 survivors (7168K)
 Metaspace       used 87508K, capacity 88764K, committed 88988K, reserved 1126400K
  class space    used 11568K, capacity 11943K, committed 12032K, reserved 1048576K
}
Event: 26.530 GC heap after
{Heap after GC invocations=36 (full 0):
 garbage-first heap   total 220160K, used 108566K [0x00000000a0000000, 0x0000000100000000)
  region size 1024K, 9 young (9216K), 9 survivors (9216K)
 Metaspace       used 87508K, capacity 88764K, committed 88988K, reserved 1126400K
  class space    used 11568K, capacity 11943K, committed 12032K, reserved 1048576K
}
Event: 27.300 GC heap before
{Heap before GC invocations=36 (full 0):
 garbage-first heap   total 220160K, used 180246K [0x00000000a0000000, 0x0000000100000000)
  region size 1024K, 80 young (81920K), 9 survivors (9216K)
 Metaspace       used 87590K, capacity 88898K, committed 88988K, reserved 1126400K
  class space    used 11571K, capacity 11944K, committed 12032K, reserved 1048576K
}
Event: 27.320 GC heap after
{Heap after GC invocations=37 (full 0):
 garbage-first heap   total 220160K, used 112429K [0x00000000a0000000, 0x0000000100000000)
  region size 1024K, 5 young (5120K), 5 survivors (5120K)
 Metaspace       used 87590K, capacity 88898K, committed 88988K, reserved 1126400K
  class space    used 11571K, capacity 11944K, committed 12032K, reserved 1048576K
}
Event: 42.630 GC heap before
{Heap before GC invocations=38 (full 0):
 garbage-first heap   total 220160K, used 182061K [0x00000000a0000000, 0x0000000100000000)
  region size 1024K, 74 young (75776K), 5 survivors (5120K)
 Metaspace       used 94933K, capacity 96341K, committed 96668K, reserved 1132544K
  class space    used 12501K, capacity 12929K, committed 13056K, reserved 1048576K
}
Event: 42.647 GC heap after
{Heap after GC invocations=39 (full 0):
 garbage-first heap   total 220160K, used 115344K [0x00000000a0000000, 0x0000000100000000)
  region size 1024K, 8 young (8192K), 8 survivors (8192K)
 Metaspace       used 94933K, capacity 96341K, committed 96668K, reserved 1132544K
  class space    used 12501K, capacity 12929K, committed 13056K, reserved 1048576K
}
Event: 44.333 GC heap before
{Heap before GC invocations=39 (full 0):
 garbage-first heap   total 220160K, used 174736K [0x00000000a0000000, 0x0000000100000000)
  region size 1024K, 68 young (69632K), 8 survivors (8192K)
 Metaspace       used 105566K, capacity 107070K, committed 107292K, reserved 1142784K
  class space    used 14148K, capacity 14601K, committed 14720K, reserved 1048576K
}
Event: 44.351 GC heap after
{Heap after GC invocations=40 (full 0):
 garbage-first heap   total 220160K, used 119988K [0x00000000a0000000, 0x0000000100000000)
  region size 1024K, 9 young (9216K), 9 survivors (9216K)
 Metaspace       used 105566K, capacity 107070K, committed 107292K, reserved 1142784K
  class space    used 14148K, capacity 14601K, committed 14720K, reserved 1048576K
}
Event: 2473.230 GC heap before
{Heap before GC invocations=41 (full 0):
 garbage-first heap   total 244736K, used 201908K [0x00000000a0000000, 0x0000000100000000)
  region size 1024K, 70 young (71680K), 9 survivors (9216K)
 Metaspace       used 106841K, capacity 108313K, committed 108572K, reserved 1142784K
  class space    used 14279K, capacity 14710K, committed 14720K, reserved 1048576K
}
Event: 2473.254 GC heap after
{Heap after GC invocations=42 (full 0):
 garbage-first heap   total 244736K, used 119444K [0x00000000a0000000, 0x0000000100000000)
  region size 1024K, 5 young (5120K), 5 survivors (5120K)
 Metaspace       used 106841K, capacity 108313K, committed 108572K, reserved 1142784K
  class space    used 14279K, capacity 14710K, committed 14720K, reserved 1048576K
}

